# JRE version: Java(TM) SE Runtime Environment (8.0_281-b09) (build 1.8.0_281-b09)
# Java VM: Java HotSpot(TM) 64-Bit Server VM (25.281-b09 mixed mode windows-amd64 compressed oops)
Heap:
 PSYoungGen      total 141824K, used 7371K [0x000000076af00000, 0x000000077c400000, 0x00000007c0000000)
  eden space 131072K, 5% used [0x000000076af00000,0x000000076b632ec8,0x0000000772f00000)
  from space 10752K, 0% used [0x0000000772f00000,0x0000000772f00000,0x0000000773980000)
  to   space 10752K, 0% used [0x000000077b980000,0x000000077b980000,0x000000077c400000)
 ParOldGen       total 147968K, used 21346K [0x00000006c0c00000, 0x00000006c9c80000, 0x000000076af00000)
  object space 147968K, 14% used [0x00000006c0c00000,0x00000006c20d8b38,0x00000006c9c80000)
 Metaspace       used 21123K, capacity 21486K, committed 21504K, reserved 1069056K
  class space    used 2699K, capacity 2799K, committed 2816K, reserved 1048576K
GC Heap History (8 events):
Event: 0.565 GC heap before
{Heap before GC invocations=1 (full 0):
 PSYoungGen      total 76288K, used 65536K [0x000000076af00000, 0x0000000770400000, 0x00000007c0000000)
  eden space 65536K, 100% used [0x000000076af00000,0x000000076ef00000,0x000000076ef00000)
  from space 10752K, 0% used [0x000000076f980000,0x000000076f980000,0x0000000770400000)
  to   space 10752K, 0% used [0x000000076ef00000,0x000000076ef00000,0x000000076f980000)
 ParOldGen       total 175104K, used 0K [0x00000006c0c00000, 0x00000006cb700000, 0x000000076af00000)
  object space 175104K, 0% used [0x00000006c0c00000,0x00000006c0c00000,0x00000006cb700000)
 Metaspace       used 8312K, capacity 8424K, committed 8576K, reserved 1056768K
  class space    used 1027K, capacity 1076K, committed 1152K, reserved 1048576K
Event: 0.572 GC heap after
Heap after GC invocations=1 (full 0):
 PSYoungGen      total 76288K, used 10726K [0x000000076af00000, 0x0000000774400000, 0x00000007c0000000)
  eden space 65536K, 0% used [0x000000076af00000,0x000000076af00000,0x000000076ef00000)
  from space 10752K, 99% used [0x000000076ef00000,0x000000076f9799f0,0x000000076f980000)
  to   space 10752K, 0% used [0x0000000773980000,0x0000000773980000,0x0000000774400000)
 ParOldGen       total 175104K, used 4539K [0x00000006c0c00000, 0x00000006cb700000, 0x000000076af00000)
  object space 175104K, 2% used [0x00000006c0c00000,0x00000006c106ee98,0x00000006cb700000)
 Metaspace       used 8312K, capacity 8424K, committed 8576K, reserved 1056768K
  class space    used 1027K, capacity 1076K, committed 1152K, reserved 1048576K
}
Event: 1.179 GC heap before
{Heap before GC invocations=2 (full 0):
 PSYoungGen      total 76288K, used 76262K [0x000000076af00000, 0x0000000774400000, 0x00000007c0000000)
  eden space 65536K, 100% used [0x000000076af00000,0x000000076ef00000,0x000000076ef00000)
  from space 10752K, 99% used [0x000000076ef00000,0x000000076f9799f0,0x000000076f980000)
  to   space 10752K, 0% used [0x0000000773980000,0x0000000773980000,0x0000000774400000)
 ParOldGen       total 175104K, used 4539K [0x00000006c0c00000, 0x00000006cb700000, 0x000000076af00000)
  object space 175104K, 2% used [0x00000006c0c00000,0x00000006c106ee98,0x00000006cb700000)
 Metaspace       used 15386K, capacity 15562K, committed 15744K, reserved 1062912K
  class space    used 2026K, capacity 2079K, committed 2176K, reserved 1048576K
Event: 1.191 GC heap after
Heap after GC invocations=2 (full 0):
 PSYoungGen      total 141824K, used 10726K [0x000000076af00000, 0x0000000774400000, 0x00000007c0000000)
  eden space 131072K, 0% used [0x000000076af00000,0x000000076af00000,0x0000000772f00000)
  from space 10752K, 99% used [0x0000000773980000,0x00000007743f9980,0x0000000774400000)
  to   space 10752K, 0% used [0x0000000772f00000,0x0000000772f00000,0x0000000773980000)
 ParOldGen       total 175104K, used 20412K [0x00000006c0c00000, 0x00000006cb700000, 0x000000076af00000)
  object space 175104K, 11% used [0x00000006c0c00000,0x00000006c1fef3a8,0x00000006cb700000)
 Metaspace       used 15386K, capacity 15562K, committed 15744K, reserved 1062912K
  class space    used 2026K, capacity 2079K, committed 2176K, reserved 1048576K
}
Event: 2.028 GC heap before
{Heap before GC invocations=3 (full 0):
 PSYoungGen      total 141824K, used 75024K [0x000000076af00000, 0x0000000774400000, 0x00000007c0000000)
  eden space 131072K, 49% used [0x000000076af00000,0x000000076edca968,0x0000000772f00000)
  from space 10752K, 99% used [0x0000000773980000,0x00000007743f9980,0x0000000774400000)
  to   space 10752K, 0% used [0x0000000772f00000,0x0000000772f00000,0x0000000773980000)
 ParOldGen       total 175104K, used 20412K [0x00000006c0c00000, 0x00000006cb700000, 0x000000076af00000)
  object space 175104K, 11% used [0x00000006c0c00000,0x00000006c1fef3a8,0x00000006cb700000)
 Metaspace       used 20903K, capacity 21198K, committed 21248K, reserved 1067008K
  class space    used 2669K, capacity 2767K, committed 2816K, reserved 1048576K
Event: 2.038 GC heap after
Heap after GC invocations=3 (full 0):
 PSYoungGen      total 141824K, used 10744K [0x000000076af00000, 0x000000077c400000, 0x00000007c0000000)
  eden space 131072K, 0% used [0x000000076af00000,0x000000076af00000,0x0000000772f00000)
  from space 10752K, 99% used [0x0000000772f00000,0x000000077397e150,0x0000000773980000)
  to   space 10752K, 0% used [0x000000077b980000,0x000000077b980000,0x000000077c400000)
 ParOldGen       total 175104K, used 26368K [0x00000006c0c00000, 0x00000006cb700000, 0x000000076af00000)
  object space 175104K, 15% used [0x00000006c0c00000,0x00000006c25c00c0,0x00000006cb700000)
 Metaspace       used 20903K, capacity 21198K, committed 21248K, reserved 1067008K
  class space    used 2669K, capacity 2767K, committed 2816K, reserved 1048576K
}
Event: 2.038 GC heap before
{Heap before GC invocations=4 (full 1):
 PSYoungGen      total 141824K, used 10744K [0x000000076af00000, 0x000000077c400000, 0x00000007c0000000)
  eden space 131072K, 0% used [0x000000076af00000,0x000000076af00000,0x0000000772f00000)
  from space 10752K, 99% used [0x0000000772f00000,0x000000077397e150,0x0000000773980000)
  to   space 10752K, 0% used [0x000000077b980000,0x000000077b980000,0x000000077c400000)
 ParOldGen       total 175104K, used 26368K [0x00000006c0c00000, 0x00000006cb700000, 0x000000076af00000)
  object space 175104K, 15% used [0x00000006c0c00000,0x00000006c25c00c0,0x00000006cb700000)
 Metaspace       used 20903K, capacity 21198K, committed 21248K, reserved 1067008K
  class space    used 2669K, capacity 2767K, committed 2816K, reserved 1048576K
Event: 2.093 GC heap after
Heap after GC invocations=4 (full 1):
 PSYoungGen      total 141824K, used 0K [0x000000076af00000, 0x000000077c400000, 0x00000007c0000000)
  eden space 131072K, 0% used [0x000000076af00000,0x000000076af00000,0x0000000772f00000)
  from space 10752K, 0% used [0x0000000772f00000,0x0000000772f00000,0x0000000773980000)
  to   space 10752K, 0% used [0x000000077b980000,0x000000077b980000,0x000000077c400000)
 ParOldGen       total 147968K, used 21346K [0x00000006c0c00000, 0x00000006c9c80000, 0x000000076af00000)
  object space 147968K, 14% used [0x00000006c0c00000,0x00000006c20d8b38,0x00000006c9c80000)
 Metaspace       used 20903K, capacity 21198K, committed 21248K, reserved 1067008K
  class space    used 2669K, capacity 2767K, committed 2816K, reserved 1048576K
}

